<?xml version="1.0" encoding="UTF-8"?>
<!-- Generated by org.testng.reporters.JUnitReportReporter -->
<testsuite hostname="DESKTOP-JH0K3SH" failures="0" tests="1" name="Test.TestCasesController2" time="4.452" errors="0" timestamp="2023-12-16T16:51:56 IST" skipped="0">
  <testcase classname="Test.TestCasesController2" name="CheGuevara_Search" time="4.452"/>
  <system-out/>
</testsuite> <!-- Test.TestCasesController2 -->
