<?xml version="1.0" encoding="UTF-8"?>
<!-- Generated by org.testng.reporters.JUnitReportReporter -->
<testsuite hostname="DESKTOP-JH0K3SH" failures="0" tests="1" name="Test.TestCasesController2" time="5.130" errors="0" timestamp="16 Dec 2023 11:46:09 GMT" skipped="0">
  <testcase classname="Test.TestCasesController2" name="CheGuevara_Search" time="5.130"/>
</testsuite> <!-- Test.TestCasesController2 -->
