<?xml version="1.0" encoding="UTF-8"?>
<!-- Generated by org.testng.reporters.JUnitReportReporter -->
<testsuite hostname="DESKTOP-JH0K3SH" failures="0" tests="1" name="Test.TestCasesController2" time="12.771" errors="0" timestamp="2023-11-26T14:32:31 IST" skipped="0">
  <testcase classname="Test.TestCasesController2" name="CheGuevara_Search" time="12.771"/>
  <system-out/>
</testsuite> <!-- Test.TestCasesController2 -->
