<?xml version="1.0" encoding="UTF-8"?>
<!-- Generated by org.testng.reporters.JUnitReportReporter -->
<testsuite hostname="DESKTOP-JH0K3SH" failures="0" tests="1" name="dummy.dummy1" time="26.851" errors="0" timestamp="2023-11-26T08:15:38 IST" skipped="0">
  <testcase classname="dummy.dummy1" name="dummy12" time="26.851"/>
  <system-out/>
</testsuite> <!-- dummy.dummy1 -->
